\BOOKMARK [1][-]{section.1}{Processo di sviluppo}{}% 1
\BOOKMARK [2][-]{subsection.1.1}{Metodologia}{section.1}% 2
\BOOKMARK [2][-]{subsection.1.2}{Strumenti adottati}{section.1}% 3
\BOOKMARK [1][-]{section.2}{Requisiti}{}% 4
\BOOKMARK [2][-]{subsection.2.1}{Business}{section.2}% 5
\BOOKMARK [2][-]{subsection.2.2}{Utente}{section.2}% 6
\BOOKMARK [2][-]{subsection.2.3}{Funzionali}{section.2}% 7
\BOOKMARK [2][-]{subsection.2.4}{Non Funzionali}{section.2}% 8
\BOOKMARK [2][-]{subsection.2.5}{Implementativi}{section.2}% 9
\BOOKMARK [1][-]{section.3}{Design Architetturale}{}% 10
\BOOKMARK [2][-]{subsection.3.1}{Model}{section.3}% 11
\BOOKMARK [2][-]{subsection.3.2}{View}{section.3}% 12
\BOOKMARK [2][-]{subsection.3.3}{Controller}{section.3}% 13
\BOOKMARK [1][-]{section.4}{Design di Dettaglio}{}% 14
\BOOKMARK [2][-]{subsection.4.1}{Organizzazione del codice}{section.4}% 15
\BOOKMARK [2][-]{subsection.4.2}{Core}{section.4}% 16
\BOOKMARK [3][-]{subsubsection.4.2.1}{Entit\340}{subsection.4.2}% 17
\BOOKMARK [3][-]{subsubsection.4.2.2}{Prolog}{subsection.4.2}% 18
\BOOKMARK [3][-]{subsubsection.4.2.3}{Game Interface}{subsection.4.2}% 19
\BOOKMARK [2][-]{subsection.4.3}{Client}{section.4}% 20
\BOOKMARK [3][-]{subsubsection.4.3.1}{MVC}{subsection.4.3}% 21
\BOOKMARK [3][-]{subsubsection.4.3.2}{View}{subsection.4.3}% 22
\BOOKMARK [3][-]{subsubsection.4.3.3}{Lobby}{subsection.4.3}% 23
\BOOKMARK [3][-]{subsubsection.4.3.4}{Model}{subsection.4.3}% 24
\BOOKMARK [2][-]{subsection.4.4}{Server}{section.4}% 25
\BOOKMARK [3][-]{subsubsection.4.4.1}{Lobby}{subsection.4.4}% 26
\BOOKMARK [3][-]{subsubsection.4.4.2}{Game}{subsection.4.4}% 27
\BOOKMARK [3][-]{subsubsection.4.4.3}{Fault Tolerance}{subsection.4.4}% 28
\BOOKMARK [2][-]{subsection.4.5}{Errori}{section.4}% 29
\BOOKMARK [1][-]{section.5}{Implementazione}{}% 30
\BOOKMARK [2][-]{subsection.5.1}{Matteo}{section.5}% 31
\BOOKMARK [2][-]{subsection.5.2}{Luca}{section.5}% 32
\BOOKMARK [2][-]{subsection.5.3}{Lorenzo}{section.5}% 33
\BOOKMARK [2][-]{subsection.5.4}{Daniele}{section.5}% 34
\BOOKMARK [1][-]{section.6}{Retrospettiva}{}% 35
\BOOKMARK [2][-]{subsection.6.1}{Organizzazione del processo di sviluppo}{section.6}% 36
\BOOKMARK [3][-]{subsubsection.6.1.1}{Preparazione iniziale}{subsection.6.1}% 37
\BOOKMARK [3][-]{subsubsection.6.1.2}{Sprint 1}{subsection.6.1}% 38
\BOOKMARK [3][-]{subsubsection.6.1.3}{Sprint 2}{subsection.6.1}% 39
\BOOKMARK [3][-]{subsubsection.6.1.4}{Sprint 3}{subsection.6.1}% 40
\BOOKMARK [3][-]{subsubsection.6.1.5}{Sprint 4}{subsection.6.1}% 41
\BOOKMARK [2][-]{subsection.6.2}{Sviluppi futuri}{section.6}% 42
\BOOKMARK [2][-]{subsection.6.3}{Commenti finali}{section.6}% 43
